2023-05-23T04:11:31.651-04:00  INFO 9612 --- [restartedMain] t.d.m.ManagementMessagingApplication     : Starting ManagementMessagingApplication using Java 17.0.6 with PID 9612 (C:\DEV\DEEP_DREAMS\MANAGEMENT\java\management-messaging\target\classes started by Dell in C:\DEV\DEEP_DREAMS\MANAGEMENT\java\management-messaging)
2023-05-23T04:11:31.667-04:00  INFO 9612 --- [restartedMain] t.d.m.ManagementMessagingApplication     : The following 1 profile is active: "dev"
2023-05-23T04:11:34.560-04:00 ERROR 9612 --- [restartedMain] o.s.boot.SpringApplication               : Application run failed

org.springframework.beans.factory.UnsatisfiedDependencyException: Error creating bean with name 'dataSourceScriptDatabaseInitializer' defined in class path resource [org/springframework/boot/autoconfigure/sql/init/DataSourceInitializationConfiguration.class]: Unsatisfied dependency expressed through method 'dataSourceScriptDatabaseInitializer' parameter 0: Error creating bean with name 'dataSourceConfig': Injection of autowired dependencies failed
	at org.springframework.beans.factory.support.ConstructorResolver.createArgumentArray(ConstructorResolver.java:798) ~[spring-beans-6.0.5.jar:6.0.5]
	at org.springframework.beans.factory.support.ConstructorResolver.instantiateUsingFactoryMethod(ConstructorResolver.java:548) ~[spring-beans-6.0.5.jar:6.0.5]
	at org.springframework.beans.factory.support.AbstractAutowireCapableBeanFactory.instantiateUsingFactoryMethod(AbstractAutowireCapableBeanFactory.java:1325) ~[spring-beans-6.0.5.jar:6.0.5]
	at org.springframework.beans.factory.support.AbstractAutowireCapableBeanFactory.createBeanInstance(AbstractAutowireCapableBeanFactory.java:1162) ~[spring-beans-6.0.5.jar:6.0.5]
	at org.springframework.beans.factory.support.AbstractAutowireCapableBeanFactory.doCreateBean(AbstractAutowireCapableBeanFactory.java:562) ~[spring-beans-6.0.5.jar:6.0.5]
	at org.springframework.beans.factory.support.AbstractAutowireCapableBeanFactory.createBean(AbstractAutowireCapableBeanFactory.java:522) ~[spring-beans-6.0.5.jar:6.0.5]
	at org.springframework.beans.factory.support.AbstractBeanFactory.lambda$doGetBean$0(AbstractBeanFactory.java:326) ~[spring-beans-6.0.5.jar:6.0.5]
	at org.springframework.beans.factory.support.DefaultSingletonBeanRegistry.getSingleton(DefaultSingletonBeanRegistry.java:234) ~[spring-beans-6.0.5.jar:6.0.5]
	at org.springframework.beans.factory.support.AbstractBeanFactory.doGetBean(AbstractBeanFactory.java:324) ~[spring-beans-6.0.5.jar:6.0.5]
	at org.springframework.beans.factory.support.AbstractBeanFactory.getBean(AbstractBeanFactory.java:200) ~[spring-beans-6.0.5.jar:6.0.5]
	at org.springframework.beans.factory.support.AbstractBeanFactory.doGetBean(AbstractBeanFactory.java:313) ~[spring-beans-6.0.5.jar:6.0.5]
	at org.springframework.beans.factory.support.AbstractBeanFactory.getBean(AbstractBeanFactory.java:200) ~[spring-beans-6.0.5.jar:6.0.5]
	at org.springframework.context.support.AbstractApplicationContext.getBean(AbstractApplicationContext.java:1132) ~[spring-context-6.0.5.jar:6.0.5]
	at org.springframework.context.support.AbstractApplicationContext.finishBeanFactoryInitialization(AbstractApplicationContext.java:907) ~[spring-context-6.0.5.jar:6.0.5]
	at org.springframework.context.support.AbstractApplicationContext.refresh(AbstractApplicationContext.java:584) ~[spring-context-6.0.5.jar:6.0.5]
	at org.springframework.boot.web.servlet.context.ServletWebServerApplicationContext.refresh(ServletWebServerApplicationContext.java:146) ~[spring-boot-3.0.3.jar:3.0.3]
	at org.springframework.boot.SpringApplication.refresh(SpringApplication.java:732) ~[spring-boot-3.0.3.jar:3.0.3]
	at org.springframework.boot.SpringApplication.refreshContext(SpringApplication.java:434) ~[spring-boot-3.0.3.jar:3.0.3]
	at org.springframework.boot.SpringApplication.run(SpringApplication.java:310) ~[spring-boot-3.0.3.jar:3.0.3]
	at org.springframework.boot.SpringApplication.run(SpringApplication.java:1304) ~[spring-boot-3.0.3.jar:3.0.3]
	at org.springframework.boot.SpringApplication.run(SpringApplication.java:1293) ~[spring-boot-3.0.3.jar:3.0.3]
	at tech.deepdreams.messaging.ManagementMessagingApplication.main(ManagementMessagingApplication.java:15) ~[classes/:na]
	at java.base/jdk.internal.reflect.NativeMethodAccessorImpl.invoke0(Native Method) ~[na:na]
	at java.base/jdk.internal.reflect.NativeMethodAccessorImpl.invoke(NativeMethodAccessorImpl.java:77) ~[na:na]
	at java.base/jdk.internal.reflect.DelegatingMethodAccessorImpl.invoke(DelegatingMethodAccessorImpl.java:43) ~[na:na]
	at java.base/java.lang.reflect.Method.invoke(Method.java:568) ~[na:na]
	at org.springframework.boot.devtools.restart.RestartLauncher.run(RestartLauncher.java:49) ~[spring-boot-devtools-3.0.3.jar:3.0.3]
Caused by: org.springframework.beans.factory.BeanCreationException: Error creating bean with name 'dataSourceConfig': Injection of autowired dependencies failed
	at org.springframework.beans.factory.annotation.AutowiredAnnotationBeanPostProcessor.postProcessProperties(AutowiredAnnotationBeanPostProcessor.java:487) ~[spring-beans-6.0.5.jar:6.0.5]
	at org.springframework.beans.factory.support.AbstractAutowireCapableBeanFactory.populateBean(AbstractAutowireCapableBeanFactory.java:1398) ~[spring-beans-6.0.5.jar:6.0.5]
	at org.springframework.beans.factory.support.AbstractAutowireCapableBeanFactory.doCreateBean(AbstractAutowireCapableBeanFactory.java:599) ~[spring-beans-6.0.5.jar:6.0.5]
	at org.springframework.beans.factory.support.AbstractAutowireCapableBeanFactory.createBean(AbstractAutowireCapableBeanFactory.java:522) ~[spring-beans-6.0.5.jar:6.0.5]
	at org.springframework.beans.factory.support.AbstractBeanFactory.lambda$doGetBean$0(AbstractBeanFactory.java:326) ~[spring-beans-6.0.5.jar:6.0.5]
	at org.springframework.beans.factory.support.DefaultSingletonBeanRegistry.getSingleton(DefaultSingletonBeanRegistry.java:234) ~[spring-beans-6.0.5.jar:6.0.5]
	at org.springframework.beans.factory.support.AbstractBeanFactory.doGetBean(AbstractBeanFactory.java:324) ~[spring-beans-6.0.5.jar:6.0.5]
	at org.springframework.beans.factory.support.AbstractBeanFactory.getBean(AbstractBeanFactory.java:200) ~[spring-beans-6.0.5.jar:6.0.5]
	at org.springframework.beans.factory.support.ConstructorResolver.instantiateUsingFactoryMethod(ConstructorResolver.java:415) ~[spring-beans-6.0.5.jar:6.0.5]
	at org.springframework.beans.factory.support.AbstractAutowireCapableBeanFactory.instantiateUsingFactoryMethod(AbstractAutowireCapableBeanFactory.java:1325) ~[spring-beans-6.0.5.jar:6.0.5]
	at org.springframework.beans.factory.support.AbstractAutowireCapableBeanFactory.createBeanInstance(AbstractAutowireCapableBeanFactory.java:1162) ~[spring-beans-6.0.5.jar:6.0.5]
	at org.springframework.beans.factory.support.AbstractAutowireCapableBeanFactory.doCreateBean(AbstractAutowireCapableBeanFactory.java:562) ~[spring-beans-6.0.5.jar:6.0.5]
	at org.springframework.beans.factory.support.AbstractAutowireCapableBeanFactory.createBean(AbstractAutowireCapableBeanFactory.java:522) ~[spring-beans-6.0.5.jar:6.0.5]
	at org.springframework.beans.factory.support.AbstractBeanFactory.lambda$doGetBean$0(AbstractBeanFactory.java:326) ~[spring-beans-6.0.5.jar:6.0.5]
	at org.springframework.beans.factory.support.DefaultSingletonBeanRegistry.getSingleton(DefaultSingletonBeanRegistry.java:234) ~[spring-beans-6.0.5.jar:6.0.5]
	at org.springframework.beans.factory.support.AbstractBeanFactory.doGetBean(AbstractBeanFactory.java:324) ~[spring-beans-6.0.5.jar:6.0.5]
	at org.springframework.beans.factory.support.AbstractBeanFactory.getBean(AbstractBeanFactory.java:200) ~[spring-beans-6.0.5.jar:6.0.5]
	at org.springframework.beans.factory.config.DependencyDescriptor.resolveCandidate(DependencyDescriptor.java:254) ~[spring-beans-6.0.5.jar:6.0.5]
	at org.springframework.beans.factory.support.DefaultListableBeanFactory.doResolveDependency(DefaultListableBeanFactory.java:1405) ~[spring-beans-6.0.5.jar:6.0.5]
	at org.springframework.beans.factory.support.DefaultListableBeanFactory.resolveDependency(DefaultListableBeanFactory.java:1325) ~[spring-beans-6.0.5.jar:6.0.5]
	at org.springframework.beans.factory.support.ConstructorResolver.resolveAutowiredArgument(ConstructorResolver.java:885) ~[spring-beans-6.0.5.jar:6.0.5]
	at org.springframework.beans.factory.support.ConstructorResolver.createArgumentArray(ConstructorResolver.java:789) ~[spring-beans-6.0.5.jar:6.0.5]
	... 26 common frames omitted
Caused by: java.lang.IllegalArgumentException: Could not resolve placeholder 'database.driver-class-name' in value "${database.driver-class-name}"
	at org.springframework.util.PropertyPlaceholderHelper.parseStringValue(PropertyPlaceholderHelper.java:180) ~[spring-core-6.0.5.jar:6.0.5]
	at org.springframework.util.PropertyPlaceholderHelper.replacePlaceholders(PropertyPlaceholderHelper.java:126) ~[spring-core-6.0.5.jar:6.0.5]
	at org.springframework.core.env.AbstractPropertyResolver.doResolvePlaceholders(AbstractPropertyResolver.java:239) ~[spring-core-6.0.5.jar:6.0.5]
	at org.springframework.core.env.AbstractPropertyResolver.resolveRequiredPlaceholders(AbstractPropertyResolver.java:210) ~[spring-core-6.0.5.jar:6.0.5]
	at org.springframework.context.support.PropertySourcesPlaceholderConfigurer.lambda$processProperties$0(PropertySourcesPlaceholderConfigurer.java:191) ~[spring-context-6.0.5.jar:6.0.5]
	at org.springframework.beans.factory.support.AbstractBeanFactory.resolveEmbeddedValue(AbstractBeanFactory.java:920) ~[spring-beans-6.0.5.jar:6.0.5]
	at org.springframework.beans.factory.support.DefaultListableBeanFactory.doResolveDependency(DefaultListableBeanFactory.java:1346) ~[spring-beans-6.0.5.jar:6.0.5]
	at org.springframework.beans.factory.support.DefaultListableBeanFactory.resolveDependency(DefaultListableBeanFactory.java:1325) ~[spring-beans-6.0.5.jar:6.0.5]
	at org.springframework.beans.factory.annotation.AutowiredAnnotationBeanPostProcessor$AutowiredFieldElement.resolveFieldValue(AutowiredAnnotationBeanPostProcessor.java:709) ~[spring-beans-6.0.5.jar:6.0.5]
	at org.springframework.beans.factory.annotation.AutowiredAnnotationBeanPostProcessor$AutowiredFieldElement.inject(AutowiredAnnotationBeanPostProcessor.java:692) ~[spring-beans-6.0.5.jar:6.0.5]
	at org.springframework.beans.factory.annotation.InjectionMetadata.inject(InjectionMetadata.java:133) ~[spring-beans-6.0.5.jar:6.0.5]
	at org.springframework.beans.factory.annotation.AutowiredAnnotationBeanPostProcessor.postProcessProperties(AutowiredAnnotationBeanPostProcessor.java:481) ~[spring-beans-6.0.5.jar:6.0.5]
	... 47 common frames omitted

2023-05-23T04:12:24.999-04:00  INFO 10468 --- [restartedMain] t.d.m.ManagementMessagingApplication     : Starting ManagementMessagingApplication using Java 17.0.6 with PID 10468 (C:\DEV\DEEP_DREAMS\MANAGEMENT\java\management-messaging\target\classes started by Dell in C:\DEV\DEEP_DREAMS\MANAGEMENT\java\management-messaging)
2023-05-23T04:12:25.002-04:00  INFO 10468 --- [restartedMain] t.d.m.ManagementMessagingApplication     : The following 1 profile is active: "dev"
2023-05-23T04:12:28.029-04:00  INFO 10468 --- [restartedMain] o.hibernate.jpa.internal.util.LogHelper  : HHH000204: Processing PersistenceUnitInfo [name: default]
2023-05-23T04:12:28.128-04:00  INFO 10468 --- [restartedMain] org.hibernate.Version                    : HHH000412: Hibernate ORM core version 6.1.7.Final
2023-05-23T04:12:28.629-04:00  INFO 10468 --- [restartedMain] com.zaxxer.hikari.HikariDataSource       : HikariPool-1 - Starting...
2023-05-23T04:12:29.781-04:00 ERROR 10468 --- [restartedMain] com.zaxxer.hikari.pool.HikariPool        : HikariPool-1 - Exception during pool initialization.

org.postgresql.util.PSQLException: The server requested SCRAM-based authentication, but no password was provided.
	at org.postgresql.core.v3.ConnectionFactoryImpl.lambda$doAuthentication$4(ConnectionFactoryImpl.java:838) ~[postgresql-42.5.4.jar:42.5.4]
	at org.postgresql.core.v3.AuthenticationPluginManager.withPassword(AuthenticationPluginManager.java:81) ~[postgresql-42.5.4.jar:42.5.4]
	at org.postgresql.core.v3.ConnectionFactoryImpl.doAuthentication(ConnectionFactoryImpl.java:835) ~[postgresql-42.5.4.jar:42.5.4]
	at org.postgresql.core.v3.ConnectionFactoryImpl.tryConnect(ConnectionFactoryImpl.java:203) ~[postgresql-42.5.4.jar:42.5.4]
	at org.postgresql.core.v3.ConnectionFactoryImpl.openConnectionImpl(ConnectionFactoryImpl.java:258) ~[postgresql-42.5.4.jar:42.5.4]
	at org.postgresql.core.ConnectionFactory.openConnection(ConnectionFactory.java:54) ~[postgresql-42.5.4.jar:42.5.4]
	at org.postgresql.jdbc.PgConnection.<init>(PgConnection.java:253) ~[postgresql-42.5.4.jar:42.5.4]
	at org.postgresql.Driver.makeConnection(Driver.java:434) ~[postgresql-42.5.4.jar:42.5.4]
	at org.postgresql.Driver.connect(Driver.java:291) ~[postgresql-42.5.4.jar:42.5.4]
	at com.zaxxer.hikari.util.DriverDataSource.getConnection(DriverDataSource.java:121) ~[HikariCP-5.0.1.jar:na]
	at com.zaxxer.hikari.pool.PoolBase.newConnection(PoolBase.java:359) ~[HikariCP-5.0.1.jar:na]
	at com.zaxxer.hikari.pool.PoolBase.newPoolEntry(PoolBase.java:201) ~[HikariCP-5.0.1.jar:na]
	at com.zaxxer.hikari.pool.HikariPool.createPoolEntry(HikariPool.java:470) ~[HikariCP-5.0.1.jar:na]
	at com.zaxxer.hikari.pool.HikariPool.checkFailFast(HikariPool.java:561) ~[HikariCP-5.0.1.jar:na]
	at com.zaxxer.hikari.pool.HikariPool.<init>(HikariPool.java:100) ~[HikariCP-5.0.1.jar:na]
	at com.zaxxer.hikari.HikariDataSource.getConnection(HikariDataSource.java:112) ~[HikariCP-5.0.1.jar:na]
	at org.hibernate.engine.jdbc.connections.internal.DatasourceConnectionProviderImpl.getConnection(DatasourceConnectionProviderImpl.java:122) ~[hibernate-core-6.1.7.Final.jar:6.1.7.Final]
	at org.hibernate.engine.jdbc.env.internal.JdbcEnvironmentInitiator$ConnectionProviderJdbcConnectionAccess.obtainConnection(JdbcEnvironmentInitiator.java:284) ~[hibernate-core-6.1.7.Final.jar:6.1.7.Final]
	at org.hibernate.engine.jdbc.env.internal.JdbcEnvironmentInitiator.initiateService(JdbcEnvironmentInitiator.java:177) ~[hibernate-core-6.1.7.Final.jar:6.1.7.Final]
	at org.hibernate.engine.jdbc.env.internal.JdbcEnvironmentInitiator.initiateService(JdbcEnvironmentInitiator.java:36) ~[hibernate-core-6.1.7.Final.jar:6.1.7.Final]
	at org.hibernate.boot.registry.internal.StandardServiceRegistryImpl.initiateService(StandardServiceRegistryImpl.java:119) ~[hibernate-core-6.1.7.Final.jar:6.1.7.Final]
	at org.hibernate.service.internal.AbstractServiceRegistryImpl.createService(AbstractServiceRegistryImpl.java:255) ~[hibernate-core-6.1.7.Final.jar:6.1.7.Final]
	at org.hibernate.service.internal.AbstractServiceRegistryImpl.initializeService(AbstractServiceRegistryImpl.java:230) ~[hibernate-core-6.1.7.Final.jar:6.1.7.Final]
	at org.hibernate.service.internal.AbstractServiceRegistryImpl.getService(AbstractServiceRegistryImpl.java:207) ~[hibernate-core-6.1.7.Final.jar:6.1.7.Final]
	at org.hibernate.boot.model.relational.Database.<init>(Database.java:44) ~[hibernate-core-6.1.7.Final.jar:6.1.7.Final]
	at org.hibernate.boot.internal.InFlightMetadataCollectorImpl.getDatabase(InFlightMetadataCollectorImpl.java:218) ~[hibernate-core-6.1.7.Final.jar:6.1.7.Final]
	at org.hibernate.boot.internal.InFlightMetadataCollectorImpl.<init>(InFlightMetadataCollectorImpl.java:191) ~[hibernate-core-6.1.7.Final.jar:6.1.7.Final]
	at org.hibernate.boot.model.process.spi.MetadataBuildingProcess.complete(MetadataBuildingProcess.java:138) ~[hibernate-core-6.1.7.Final.jar:6.1.7.Final]
	at org.hibernate.jpa.boot.internal.EntityManagerFactoryBuilderImpl.metadata(EntityManagerFactoryBuilderImpl.java:1348) ~[hibernate-core-6.1.7.Final.jar:6.1.7.Final]
	at org.hibernate.jpa.boot.internal.EntityManagerFactoryBuilderImpl.build(EntityManagerFactoryBuilderImpl.java:1419) ~[hibernate-core-6.1.7.Final.jar:6.1.7.Final]
	at org.springframework.orm.jpa.vendor.SpringHibernateJpaPersistenceProvider.createContainerEntityManagerFactory(SpringHibernateJpaPersistenceProvider.java:66) ~[spring-orm-6.0.5.jar:6.0.5]
	at org.springframework.orm.jpa.LocalContainerEntityManagerFactoryBean.createNativeEntityManagerFactory(LocalContainerEntityManagerFactoryBean.java:376) ~[spring-orm-6.0.5.jar:6.0.5]
	at org.springframework.orm.jpa.AbstractEntityManagerFactoryBean.buildNativeEntityManagerFactory(AbstractEntityManagerFactoryBean.java:409) ~[spring-orm-6.0.5.jar:6.0.5]
	at org.springframework.orm.jpa.AbstractEntityManagerFactoryBean.afterPropertiesSet(AbstractEntityManagerFactoryBean.java:396) ~[spring-orm-6.0.5.jar:6.0.5]
	at org.springframework.orm.jpa.LocalContainerEntityManagerFactoryBean.afterPropertiesSet(LocalContainerEntityManagerFactoryBean.java:352) ~[spring-orm-6.0.5.jar:6.0.5]
	at org.springframework.beans.factory.support.AbstractAutowireCapableBeanFactory.invokeInitMethods(AbstractAutowireCapableBeanFactory.java:1798) ~[spring-beans-6.0.5.jar:6.0.5]
	at org.springframework.beans.factory.support.AbstractAutowireCapableBeanFactory.initializeBean(AbstractAutowireCapableBeanFactory.java:1748) ~[spring-beans-6.0.5.jar:6.0.5]
	at org.springframework.beans.factory.support.AbstractAutowireCapableBeanFactory.doCreateBean(AbstractAutowireCapableBeanFactory.java:600) ~[spring-beans-6.0.5.jar:6.0.5]
	at org.springframework.beans.factory.support.AbstractAutowireCapableBeanFactory.createBean(AbstractAutowireCapableBeanFactory.java:522) ~[spring-beans-6.0.5.jar:6.0.5]
	at org.springframework.beans.factory.support.AbstractBeanFactory.lambda$doGetBean$0(AbstractBeanFactory.java:326) ~[spring-beans-6.0.5.jar:6.0.5]
	at org.springframework.beans.factory.support.DefaultSingletonBeanRegistry.getSingleton(DefaultSingletonBeanRegistry.java:234) ~[spring-beans-6.0.5.jar:6.0.5]
	at org.springframework.beans.factory.support.AbstractBeanFactory.doGetBean(AbstractBeanFactory.java:324) ~[spring-beans-6.0.5.jar:6.0.5]
	at org.springframework.beans.factory.support.AbstractBeanFactory.getBean(AbstractBeanFactory.java:200) ~[spring-beans-6.0.5.jar:6.0.5]
	at org.springframework.context.support.AbstractApplicationContext.getBean(AbstractApplicationContext.java:1132) ~[spring-context-6.0.5.jar:6.0.5]
	at org.springframework.context.support.AbstractApplicationContext.finishBeanFactoryInitialization(AbstractApplicationContext.java:907) ~[spring-context-6.0.5.jar:6.0.5]
	at org.springframework.context.support.AbstractApplicationContext.refresh(AbstractApplicationContext.java:584) ~[spring-context-6.0.5.jar:6.0.5]
	at org.springframework.boot.web.servlet.context.ServletWebServerApplicationContext.refresh(ServletWebServerApplicationContext.java:146) ~[spring-boot-3.0.3.jar:3.0.3]
	at org.springframework.boot.SpringApplication.refresh(SpringApplication.java:732) ~[spring-boot-3.0.3.jar:3.0.3]
	at org.springframework.boot.SpringApplication.refreshContext(SpringApplication.java:434) ~[spring-boot-3.0.3.jar:3.0.3]
	at org.springframework.boot.SpringApplication.run(SpringApplication.java:310) ~[spring-boot-3.0.3.jar:3.0.3]
	at org.springframework.boot.SpringApplication.run(SpringApplication.java:1304) ~[spring-boot-3.0.3.jar:3.0.3]
	at org.springframework.boot.SpringApplication.run(SpringApplication.java:1293) ~[spring-boot-3.0.3.jar:3.0.3]
	at tech.deepdreams.messaging.ManagementMessagingApplication.main(ManagementMessagingApplication.java:15) ~[classes/:na]
	at java.base/jdk.internal.reflect.NativeMethodAccessorImpl.invoke0(Native Method) ~[na:na]
	at java.base/jdk.internal.reflect.NativeMethodAccessorImpl.invoke(NativeMethodAccessorImpl.java:77) ~[na:na]
	at java.base/jdk.internal.reflect.DelegatingMethodAccessorImpl.invoke(DelegatingMethodAccessorImpl.java:43) ~[na:na]
	at java.base/java.lang.reflect.Method.invoke(Method.java:568) ~[na:na]
	at org.springframework.boot.devtools.restart.RestartLauncher.run(RestartLauncher.java:49) ~[spring-boot-devtools-3.0.3.jar:3.0.3]

2023-05-23T04:12:29.791-04:00  WARN 10468 --- [restartedMain] o.h.e.j.e.i.JdbcEnvironmentInitiator     : HHH000342: Could not obtain connection to query metadata

org.postgresql.util.PSQLException: The server requested SCRAM-based authentication, but no password was provided.
	at org.postgresql.core.v3.ConnectionFactoryImpl.lambda$doAuthentication$4(ConnectionFactoryImpl.java:838) ~[postgresql-42.5.4.jar:42.5.4]
	at org.postgresql.core.v3.AuthenticationPluginManager.withPassword(AuthenticationPluginManager.java:81) ~[postgresql-42.5.4.jar:42.5.4]
	at org.postgresql.core.v3.ConnectionFactoryImpl.doAuthentication(ConnectionFactoryImpl.java:835) ~[postgresql-42.5.4.jar:42.5.4]
	at org.postgresql.core.v3.ConnectionFactoryImpl.tryConnect(ConnectionFactoryImpl.java:203) ~[postgresql-42.5.4.jar:42.5.4]
	at org.postgresql.core.v3.ConnectionFactoryImpl.openConnectionImpl(ConnectionFactoryImpl.java:258) ~[postgresql-42.5.4.jar:42.5.4]
	at org.postgresql.core.ConnectionFactory.openConnection(ConnectionFactory.java:54) ~[postgresql-42.5.4.jar:42.5.4]
	at org.postgresql.jdbc.PgConnection.<init>(PgConnection.java:253) ~[postgresql-42.5.4.jar:42.5.4]
	at org.postgresql.Driver.makeConnection(Driver.java:434) ~[postgresql-42.5.4.jar:42.5.4]
	at org.postgresql.Driver.connect(Driver.java:291) ~[postgresql-42.5.4.jar:42.5.4]
	at com.zaxxer.hikari.util.DriverDataSource.getConnection(DriverDataSource.java:121) ~[HikariCP-5.0.1.jar:na]
	at com.zaxxer.hikari.pool.PoolBase.newConnection(PoolBase.java:359) ~[HikariCP-5.0.1.jar:na]
	at com.zaxxer.hikari.pool.PoolBase.newPoolEntry(PoolBase.java:201) ~[HikariCP-5.0.1.jar:na]
	at com.zaxxer.hikari.pool.HikariPool.createPoolEntry(HikariPool.java:470) ~[HikariCP-5.0.1.jar:na]
	at com.zaxxer.hikari.pool.HikariPool.checkFailFast(HikariPool.java:561) ~[HikariCP-5.0.1.jar:na]
	at com.zaxxer.hikari.pool.HikariPool.<init>(HikariPool.java:100) ~[HikariCP-5.0.1.jar:na]
	at com.zaxxer.hikari.HikariDataSource.getConnection(HikariDataSource.java:112) ~[HikariCP-5.0.1.jar:na]
	at org.hibernate.engine.jdbc.connections.internal.DatasourceConnectionProviderImpl.getConnection(DatasourceConnectionProviderImpl.java:122) ~[hibernate-core-6.1.7.Final.jar:6.1.7.Final]
	at org.hibernate.engine.jdbc.env.internal.JdbcEnvironmentInitiator$ConnectionProviderJdbcConnectionAccess.obtainConnection(JdbcEnvironmentInitiator.java:284) ~[hibernate-core-6.1.7.Final.jar:6.1.7.Final]
	at org.hibernate.engine.jdbc.env.internal.JdbcEnvironmentInitiator.initiateService(JdbcEnvironmentInitiator.java:177) ~[hibernate-core-6.1.7.Final.jar:6.1.7.Final]
	at org.hibernate.engine.jdbc.env.internal.JdbcEnvironmentInitiator.initiateService(JdbcEnvironmentInitiator.java:36) ~[hibernate-core-6.1.7.Final.jar:6.1.7.Final]
	at org.hibernate.boot.registry.internal.StandardServiceRegistryImpl.initiateService(StandardServiceRegistryImpl.java:119) ~[hibernate-core-6.1.7.Final.jar:6.1.7.Final]
	at org.hibernate.service.internal.AbstractServiceRegistryImpl.createService(AbstractServiceRegistryImpl.java:255) ~[hibernate-core-6.1.7.Final.jar:6.1.7.Final]
	at org.hibernate.service.internal.AbstractServiceRegistryImpl.initializeService(AbstractServiceRegistryImpl.java:230) ~[hibernate-core-6.1.7.Final.jar:6.1.7.Final]
	at org.hibernate.service.internal.AbstractServiceRegistryImpl.getService(AbstractServiceRegistryImpl.java:207) ~[hibernate-core-6.1.7.Final.jar:6.1.7.Final]
	at org.hibernate.boot.model.relational.Database.<init>(Database.java:44) ~[hibernate-core-6.1.7.Final.jar:6.1.7.Final]
	at org.hibernate.boot.internal.InFlightMetadataCollectorImpl.getDatabase(InFlightMetadataCollectorImpl.java:218) ~[hibernate-core-6.1.7.Final.jar:6.1.7.Final]
	at org.hibernate.boot.internal.InFlightMetadataCollectorImpl.<init>(InFlightMetadataCollectorImpl.java:191) ~[hibernate-core-6.1.7.Final.jar:6.1.7.Final]
	at org.hibernate.boot.model.process.spi.MetadataBuildingProcess.complete(MetadataBuildingProcess.java:138) ~[hibernate-core-6.1.7.Final.jar:6.1.7.Final]
	at org.hibernate.jpa.boot.internal.EntityManagerFactoryBuilderImpl.metadata(EntityManagerFactoryBuilderImpl.java:1348) ~[hibernate-core-6.1.7.Final.jar:6.1.7.Final]
	at org.hibernate.jpa.boot.internal.EntityManagerFactoryBuilderImpl.build(EntityManagerFactoryBuilderImpl.java:1419) ~[hibernate-core-6.1.7.Final.jar:6.1.7.Final]
	at org.springframework.orm.jpa.vendor.SpringHibernateJpaPersistenceProvider.createContainerEntityManagerFactory(SpringHibernateJpaPersistenceProvider.java:66) ~[spring-orm-6.0.5.jar:6.0.5]
	at org.springframework.orm.jpa.LocalContainerEntityManagerFactoryBean.createNativeEntityManagerFactory(LocalContainerEntityManagerFactoryBean.java:376) ~[spring-orm-6.0.5.jar:6.0.5]
	at org.springframework.orm.jpa.AbstractEntityManagerFactoryBean.buildNativeEntityManagerFactory(AbstractEntityManagerFactoryBean.java:409) ~[spring-orm-6.0.5.jar:6.0.5]
	at org.springframework.orm.jpa.AbstractEntityManagerFactoryBean.afterPropertiesSet(AbstractEntityManagerFactoryBean.java:396) ~[spring-orm-6.0.5.jar:6.0.5]
	at org.springframework.orm.jpa.LocalContainerEntityManagerFactoryBean.afterPropertiesSet(LocalContainerEntityManagerFactoryBean.java:352) ~[spring-orm-6.0.5.jar:6.0.5]
	at org.springframework.beans.factory.support.AbstractAutowireCapableBeanFactory.invokeInitMethods(AbstractAutowireCapableBeanFactory.java:1798) ~[spring-beans-6.0.5.jar:6.0.5]
	at org.springframework.beans.factory.support.AbstractAutowireCapableBeanFactory.initializeBean(AbstractAutowireCapableBeanFactory.java:1748) ~[spring-beans-6.0.5.jar:6.0.5]
	at org.springframework.beans.factory.support.AbstractAutowireCapableBeanFactory.doCreateBean(AbstractAutowireCapableBeanFactory.java:600) ~[spring-beans-6.0.5.jar:6.0.5]
	at org.springframework.beans.factory.support.AbstractAutowireCapableBeanFactory.createBean(AbstractAutowireCapableBeanFactory.java:522) ~[spring-beans-6.0.5.jar:6.0.5]
	at org.springframework.beans.factory.support.AbstractBeanFactory.lambda$doGetBean$0(AbstractBeanFactory.java:326) ~[spring-beans-6.0.5.jar:6.0.5]
	at org.springframework.beans.factory.support.DefaultSingletonBeanRegistry.getSingleton(DefaultSingletonBeanRegistry.java:234) ~[spring-beans-6.0.5.jar:6.0.5]
	at org.springframework.beans.factory.support.AbstractBeanFactory.doGetBean(AbstractBeanFactory.java:324) ~[spring-beans-6.0.5.jar:6.0.5]
	at org.springframework.beans.factory.support.AbstractBeanFactory.getBean(AbstractBeanFactory.java:200) ~[spring-beans-6.0.5.jar:6.0.5]
	at org.springframework.context.support.AbstractApplicationContext.getBean(AbstractApplicationContext.java:1132) ~[spring-context-6.0.5.jar:6.0.5]
	at org.springframework.context.support.AbstractApplicationContext.finishBeanFactoryInitialization(AbstractApplicationContext.java:907) ~[spring-context-6.0.5.jar:6.0.5]
	at org.springframework.context.support.AbstractApplicationContext.refresh(AbstractApplicationContext.java:584) ~[spring-context-6.0.5.jar:6.0.5]
	at org.springframework.boot.web.servlet.context.ServletWebServerApplicationContext.refresh(ServletWebServerApplicationContext.java:146) ~[spring-boot-3.0.3.jar:3.0.3]
	at org.springframework.boot.SpringApplication.refresh(SpringApplication.java:732) ~[spring-boot-3.0.3.jar:3.0.3]
	at org.springframework.boot.SpringApplication.refreshContext(SpringApplication.java:434) ~[spring-boot-3.0.3.jar:3.0.3]
	at org.springframework.boot.SpringApplication.run(SpringApplication.java:310) ~[spring-boot-3.0.3.jar:3.0.3]
	at org.springframework.boot.SpringApplication.run(SpringApplication.java:1304) ~[spring-boot-3.0.3.jar:3.0.3]
	at org.springframework.boot.SpringApplication.run(SpringApplication.java:1293) ~[spring-boot-3.0.3.jar:3.0.3]
	at tech.deepdreams.messaging.ManagementMessagingApplication.main(ManagementMessagingApplication.java:15) ~[classes/:na]
	at java.base/jdk.internal.reflect.NativeMethodAccessorImpl.invoke0(Native Method) ~[na:na]
	at java.base/jdk.internal.reflect.NativeMethodAccessorImpl.invoke(NativeMethodAccessorImpl.java:77) ~[na:na]
	at java.base/jdk.internal.reflect.DelegatingMethodAccessorImpl.invoke(DelegatingMethodAccessorImpl.java:43) ~[na:na]
	at java.base/java.lang.reflect.Method.invoke(Method.java:568) ~[na:na]
	at org.springframework.boot.devtools.restart.RestartLauncher.run(RestartLauncher.java:49) ~[spring-boot-devtools-3.0.3.jar:3.0.3]

2023-05-23T04:12:29.820-04:00  INFO 10468 --- [restartedMain] SQL dialect                              : HHH000400: Using dialect: org.hibernate.dialect.PostgreSQLDialect
2023-05-23T04:12:31.280-04:00  INFO 10468 --- [restartedMain] com.zaxxer.hikari.HikariDataSource       : HikariPool-1 - Starting...
2023-05-23T04:12:32.356-04:00 ERROR 10468 --- [restartedMain] com.zaxxer.hikari.pool.HikariPool        : HikariPool-1 - Exception during pool initialization.

org.postgresql.util.PSQLException: The server requested SCRAM-based authentication, but no password was provided.
	at org.postgresql.core.v3.ConnectionFactoryImpl.lambda$doAuthentication$4(ConnectionFactoryImpl.java:838) ~[postgresql-42.5.4.jar:42.5.4]
	at org.postgresql.core.v3.AuthenticationPluginManager.withPassword(AuthenticationPluginManager.java:81) ~[postgresql-42.5.4.jar:42.5.4]
	at org.postgresql.core.v3.ConnectionFactoryImpl.doAuthentication(ConnectionFactoryImpl.java:835) ~[postgresql-42.5.4.jar:42.5.4]
	at org.postgresql.core.v3.ConnectionFactoryImpl.tryConnect(ConnectionFactoryImpl.java:203) ~[postgresql-42.5.4.jar:42.5.4]
	at org.postgresql.core.v3.ConnectionFactoryImpl.openConnectionImpl(ConnectionFactoryImpl.java:258) ~[postgresql-42.5.4.jar:42.5.4]
	at org.postgresql.core.ConnectionFactory.openConnection(ConnectionFactory.java:54) ~[postgresql-42.5.4.jar:42.5.4]
	at org.postgresql.jdbc.PgConnection.<init>(PgConnection.java:253) ~[postgresql-42.5.4.jar:42.5.4]
	at org.postgresql.Driver.makeConnection(Driver.java:434) ~[postgresql-42.5.4.jar:42.5.4]
	at org.postgresql.Driver.connect(Driver.java:291) ~[postgresql-42.5.4.jar:42.5.4]
	at com.zaxxer.hikari.util.DriverDataSource.getConnection(DriverDataSource.java:121) ~[HikariCP-5.0.1.jar:na]
	at com.zaxxer.hikari.pool.PoolBase.newConnection(PoolBase.java:359) ~[HikariCP-5.0.1.jar:na]
	at com.zaxxer.hikari.pool.PoolBase.newPoolEntry(PoolBase.java:201) ~[HikariCP-5.0.1.jar:na]
	at com.zaxxer.hikari.pool.HikariPool.createPoolEntry(HikariPool.java:470) ~[HikariCP-5.0.1.jar:na]
	at com.zaxxer.hikari.pool.HikariPool.checkFailFast(HikariPool.java:561) ~[HikariCP-5.0.1.jar:na]
	at com.zaxxer.hikari.pool.HikariPool.<init>(HikariPool.java:100) ~[HikariCP-5.0.1.jar:na]
	at com.zaxxer.hikari.HikariDataSource.getConnection(HikariDataSource.java:112) ~[HikariCP-5.0.1.jar:na]
	at org.hibernate.engine.jdbc.connections.internal.DatasourceConnectionProviderImpl.getConnection(DatasourceConnectionProviderImpl.java:122) ~[hibernate-core-6.1.7.Final.jar:6.1.7.Final]
	at org.hibernate.engine.jdbc.env.internal.JdbcEnvironmentInitiator$ConnectionProviderJdbcConnectionAccess.obtainConnection(JdbcEnvironmentInitiator.java:284) ~[hibernate-core-6.1.7.Final.jar:6.1.7.Final]
	at org.hibernate.resource.transaction.backend.jdbc.internal.DdlTransactionIsolatorNonJtaImpl.getIsolatedConnection(DdlTransactionIsolatorNonJtaImpl.java:41) ~[hibernate-core-6.1.7.Final.jar:6.1.7.Final]
	at org.hibernate.tool.schema.internal.exec.ImprovedExtractionContextImpl.getJdbcConnection(ImprovedExtractionContextImpl.java:63) ~[hibernate-core-6.1.7.Final.jar:6.1.7.Final]
	at org.hibernate.tool.schema.extract.spi.ExtractionContext.getQueryResults(ExtractionContext.java:43) ~[hibernate-core-6.1.7.Final.jar:6.1.7.Final]
	at org.hibernate.tool.schema.extract.internal.SequenceInformationExtractorLegacyImpl.extractMetadata(SequenceInformationExtractorLegacyImpl.java:39) ~[hibernate-core-6.1.7.Final.jar:6.1.7.Final]
	at org.hibernate.tool.schema.extract.internal.DatabaseInformationImpl.initializeSequences(DatabaseInformationImpl.java:66) ~[hibernate-core-6.1.7.Final.jar:6.1.7.Final]
	at org.hibernate.tool.schema.extract.internal.DatabaseInformationImpl.<init>(DatabaseInformationImpl.java:60) ~[hibernate-core-6.1.7.Final.jar:6.1.7.Final]
	at org.hibernate.tool.schema.internal.Helper.buildDatabaseInformation(Helper.java:176) ~[hibernate-core-6.1.7.Final.jar:6.1.7.Final]
	at org.hibernate.tool.schema.internal.AbstractSchemaMigrator.doMigration(AbstractSchemaMigrator.java:107) ~[hibernate-core-6.1.7.Final.jar:6.1.7.Final]
	at org.hibernate.tool.schema.spi.SchemaManagementToolCoordinator.performDatabaseAction(SchemaManagementToolCoordinator.java:284) ~[hibernate-core-6.1.7.Final.jar:6.1.7.Final]
	at org.hibernate.tool.schema.spi.SchemaManagementToolCoordinator.lambda$process$5(SchemaManagementToolCoordinator.java:143) ~[hibernate-core-6.1.7.Final.jar:6.1.7.Final]
	at java.base/java.util.HashMap.forEach(HashMap.java:1421) ~[na:na]
	at org.hibernate.tool.schema.spi.SchemaManagementToolCoordinator.process(SchemaManagementToolCoordinator.java:140) ~[hibernate-core-6.1.7.Final.jar:6.1.7.Final]
	at org.hibernate.internal.SessionFactoryImpl.<init>(SessionFactoryImpl.java:336) ~[hibernate-core-6.1.7.Final.jar:6.1.7.Final]
	at org.hibernate.boot.internal.SessionFactoryBuilderImpl.build(SessionFactoryBuilderImpl.java:415) ~[hibernate-core-6.1.7.Final.jar:6.1.7.Final]
	at org.hibernate.jpa.boot.internal.EntityManagerFactoryBuilderImpl.build(EntityManagerFactoryBuilderImpl.java:1423) ~[hibernate-core-6.1.7.Final.jar:6.1.7.Final]
	at org.springframework.orm.jpa.vendor.SpringHibernateJpaPersistenceProvider.createContainerEntityManagerFactory(SpringHibernateJpaPersistenceProvider.java:66) ~[spring-orm-6.0.5.jar:6.0.5]
	at org.springframework.orm.jpa.LocalContainerEntityManagerFactoryBean.createNativeEntityManagerFactory(LocalContainerEntityManagerFactoryBean.java:376) ~[spring-orm-6.0.5.jar:6.0.5]
	at org.springframework.orm.jpa.AbstractEntityManagerFactoryBean.buildNativeEntityManagerFactory(AbstractEntityManagerFactoryBean.java:409) ~[spring-orm-6.0.5.jar:6.0.5]
	at org.springframework.orm.jpa.AbstractEntityManagerFactoryBean.afterPropertiesSet(AbstractEntityManagerFactoryBean.java:396) ~[spring-orm-6.0.5.jar:6.0.5]
	at org.springframework.orm.jpa.LocalContainerEntityManagerFactoryBean.afterPropertiesSet(LocalContainerEntityManagerFactoryBean.java:352) ~[spring-orm-6.0.5.jar:6.0.5]
	at org.springframework.beans.factory.support.AbstractAutowireCapableBeanFactory.invokeInitMethods(AbstractAutowireCapableBeanFactory.java:1798) ~[spring-beans-6.0.5.jar:6.0.5]
	at org.springframework.beans.factory.support.AbstractAutowireCapableBeanFactory.initializeBean(AbstractAutowireCapableBeanFactory.java:1748) ~[spring-beans-6.0.5.jar:6.0.5]
	at org.springframework.beans.factory.support.AbstractAutowireCapableBeanFactory.doCreateBean(AbstractAutowireCapableBeanFactory.java:600) ~[spring-beans-6.0.5.jar:6.0.5]
	at org.springframework.beans.factory.support.AbstractAutowireCapableBeanFactory.createBean(AbstractAutowireCapableBeanFactory.java:522) ~[spring-beans-6.0.5.jar:6.0.5]
	at org.springframework.beans.factory.support.AbstractBeanFactory.lambda$doGetBean$0(AbstractBeanFactory.java:326) ~[spring-beans-6.0.5.jar:6.0.5]
	at org.springframework.beans.factory.support.DefaultSingletonBeanRegistry.getSingleton(DefaultSingletonBeanRegistry.java:234) ~[spring-beans-6.0.5.jar:6.0.5]
	at org.springframework.beans.factory.support.AbstractBeanFactory.doGetBean(AbstractBeanFactory.java:324) ~[spring-beans-6.0.5.jar:6.0.5]
	at org.springframework.beans.factory.support.AbstractBeanFactory.getBean(AbstractBeanFactory.java:200) ~[spring-beans-6.0.5.jar:6.0.5]
	at org.springframework.context.support.AbstractApplicationContext.getBean(AbstractApplicationContext.java:1132) ~[spring-context-6.0.5.jar:6.0.5]
	at org.springframework.context.support.AbstractApplicationContext.finishBeanFactoryInitialization(AbstractApplicationContext.java:907) ~[spring-context-6.0.5.jar:6.0.5]
	at org.springframework.context.support.AbstractApplicationContext.refresh(AbstractApplicationContext.java:584) ~[spring-context-6.0.5.jar:6.0.5]
	at org.springframework.boot.web.servlet.context.ServletWebServerApplicationContext.refresh(ServletWebServerApplicationContext.java:146) ~[spring-boot-3.0.3.jar:3.0.3]
	at org.springframework.boot.SpringApplication.refresh(SpringApplication.java:732) ~[spring-boot-3.0.3.jar:3.0.3]
	at org.springframework.boot.SpringApplication.refreshContext(SpringApplication.java:434) ~[spring-boot-3.0.3.jar:3.0.3]
	at org.springframework.boot.SpringApplication.run(SpringApplication.java:310) ~[spring-boot-3.0.3.jar:3.0.3]
	at org.springframework.boot.SpringApplication.run(SpringApplication.java:1304) ~[spring-boot-3.0.3.jar:3.0.3]
	at org.springframework.boot.SpringApplication.run(SpringApplication.java:1293) ~[spring-boot-3.0.3.jar:3.0.3]
	at tech.deepdreams.messaging.ManagementMessagingApplication.main(ManagementMessagingApplication.java:15) ~[classes/:na]
	at java.base/jdk.internal.reflect.NativeMethodAccessorImpl.invoke0(Native Method) ~[na:na]
	at java.base/jdk.internal.reflect.NativeMethodAccessorImpl.invoke(NativeMethodAccessorImpl.java:77) ~[na:na]
	at java.base/jdk.internal.reflect.DelegatingMethodAccessorImpl.invoke(DelegatingMethodAccessorImpl.java:43) ~[na:na]
	at java.base/java.lang.reflect.Method.invoke(Method.java:568) ~[na:na]
	at org.springframework.boot.devtools.restart.RestartLauncher.run(RestartLauncher.java:49) ~[spring-boot-devtools-3.0.3.jar:3.0.3]

2023-05-23T04:12:32.360-04:00  WARN 10468 --- [restartedMain] o.h.engine.jdbc.spi.SqlExceptionHelper   : SQL Error: 0, SQLState: 08004
2023-05-23T04:12:32.361-04:00 ERROR 10468 --- [restartedMain] o.h.engine.jdbc.spi.SqlExceptionHelper   : The server requested SCRAM-based authentication, but no password was provided.
2023-05-23T04:12:32.368-04:00 ERROR 10468 --- [restartedMain] j.LocalContainerEntityManagerFactoryBean : Failed to initialize JPA EntityManagerFactory: [PersistenceUnit: default] Unable to build Hibernate SessionFactory; nested exception is org.hibernate.exception.JDBCConnectionException: Unable to open JDBC Connection for DDL execution
2023-05-23T04:12:32.444-04:00 ERROR 10468 --- [restartedMain] o.s.boot.SpringApplication               : Application run failed

org.springframework.beans.factory.BeanCreationException: Error creating bean with name 'entityManagerFactory' defined in class path resource [tech/deepdreams/messaging/config/DataSourceConfig.class]: [PersistenceUnit: default] Unable to build Hibernate SessionFactory; nested exception is org.hibernate.exception.JDBCConnectionException: Unable to open JDBC Connection for DDL execution
	at org.springframework.beans.factory.support.AbstractAutowireCapableBeanFactory.initializeBean(AbstractAutowireCapableBeanFactory.java:1752) ~[spring-beans-6.0.5.jar:6.0.5]
	at org.springframework.beans.factory.support.AbstractAutowireCapableBeanFactory.doCreateBean(AbstractAutowireCapableBeanFactory.java:600) ~[spring-beans-6.0.5.jar:6.0.5]
	at org.springframework.beans.factory.support.AbstractAutowireCapableBeanFactory.createBean(AbstractAutowireCapableBeanFactory.java:522) ~[spring-beans-6.0.5.jar:6.0.5]
	at org.springframework.beans.factory.support.AbstractBeanFactory.lambda$doGetBean$0(AbstractBeanFactory.java:326) ~[spring-beans-6.0.5.jar:6.0.5]
	at org.springframework.beans.factory.support.DefaultSingletonBeanRegistry.getSingleton(DefaultSingletonBeanRegistry.java:234) ~[spring-beans-6.0.5.jar:6.0.5]
	at org.springframework.beans.factory.support.AbstractBeanFactory.doGetBean(AbstractBeanFactory.java:324) ~[spring-beans-6.0.5.jar:6.0.5]
	at org.springframework.beans.factory.support.AbstractBeanFactory.getBean(AbstractBeanFactory.java:200) ~[spring-beans-6.0.5.jar:6.0.5]
	at org.springframework.context.support.AbstractApplicationContext.getBean(AbstractApplicationContext.java:1132) ~[spring-context-6.0.5.jar:6.0.5]
	at org.springframework.context.support.AbstractApplicationContext.finishBeanFactoryInitialization(AbstractApplicationContext.java:907) ~[spring-context-6.0.5.jar:6.0.5]
	at org.springframework.context.support.AbstractApplicationContext.refresh(AbstractApplicationContext.java:584) ~[spring-context-6.0.5.jar:6.0.5]
	at org.springframework.boot.web.servlet.context.ServletWebServerApplicationContext.refresh(ServletWebServerApplicationContext.java:146) ~[spring-boot-3.0.3.jar:3.0.3]
	at org.springframework.boot.SpringApplication.refresh(SpringApplication.java:732) ~[spring-boot-3.0.3.jar:3.0.3]
	at org.springframework.boot.SpringApplication.refreshContext(SpringApplication.java:434) ~[spring-boot-3.0.3.jar:3.0.3]
	at org.springframework.boot.SpringApplication.run(SpringApplication.java:310) ~[spring-boot-3.0.3.jar:3.0.3]
	at org.springframework.boot.SpringApplication.run(SpringApplication.java:1304) ~[spring-boot-3.0.3.jar:3.0.3]
	at org.springframework.boot.SpringApplication.run(SpringApplication.java:1293) ~[spring-boot-3.0.3.jar:3.0.3]
	at tech.deepdreams.messaging.ManagementMessagingApplication.main(ManagementMessagingApplication.java:15) ~[classes/:na]
	at java.base/jdk.internal.reflect.NativeMethodAccessorImpl.invoke0(Native Method) ~[na:na]
	at java.base/jdk.internal.reflect.NativeMethodAccessorImpl.invoke(NativeMethodAccessorImpl.java:77) ~[na:na]
	at java.base/jdk.internal.reflect.DelegatingMethodAccessorImpl.invoke(DelegatingMethodAccessorImpl.java:43) ~[na:na]
	at java.base/java.lang.reflect.Method.invoke(Method.java:568) ~[na:na]
	at org.springframework.boot.devtools.restart.RestartLauncher.run(RestartLauncher.java:49) ~[spring-boot-devtools-3.0.3.jar:3.0.3]
Caused by: jakarta.persistence.PersistenceException: [PersistenceUnit: default] Unable to build Hibernate SessionFactory; nested exception is org.hibernate.exception.JDBCConnectionException: Unable to open JDBC Connection for DDL execution
	at org.springframework.orm.jpa.AbstractEntityManagerFactoryBean.buildNativeEntityManagerFactory(AbstractEntityManagerFactoryBean.java:421) ~[spring-orm-6.0.5.jar:6.0.5]
	at org.springframework.orm.jpa.AbstractEntityManagerFactoryBean.afterPropertiesSet(AbstractEntityManagerFactoryBean.java:396) ~[spring-orm-6.0.5.jar:6.0.5]
	at org.springframework.orm.jpa.LocalContainerEntityManagerFactoryBean.afterPropertiesSet(LocalContainerEntityManagerFactoryBean.java:352) ~[spring-orm-6.0.5.jar:6.0.5]
	at org.springframework.beans.factory.support.AbstractAutowireCapableBeanFactory.invokeInitMethods(AbstractAutowireCapableBeanFactory.java:1798) ~[spring-beans-6.0.5.jar:6.0.5]
	at org.springframework.beans.factory.support.AbstractAutowireCapableBeanFactory.initializeBean(AbstractAutowireCapableBeanFactory.java:1748) ~[spring-beans-6.0.5.jar:6.0.5]
	... 21 common frames omitted
Caused by: org.hibernate.exception.JDBCConnectionException: Unable to open JDBC Connection for DDL execution
	at org.hibernate.exception.internal.SQLStateConversionDelegate.convert(SQLStateConversionDelegate.java:98) ~[hibernate-core-6.1.7.Final.jar:6.1.7.Final]
	at org.hibernate.exception.internal.StandardSQLExceptionConverter.convert(StandardSQLExceptionConverter.java:56) ~[hibernate-core-6.1.7.Final.jar:6.1.7.Final]
	at org.hibernate.engine.jdbc.spi.SqlExceptionHelper.convert(SqlExceptionHelper.java:109) ~[hibernate-core-6.1.7.Final.jar:6.1.7.Final]
	at org.hibernate.engine.jdbc.spi.SqlExceptionHelper.convert(SqlExceptionHelper.java:95) ~[hibernate-core-6.1.7.Final.jar:6.1.7.Final]
	at org.hibernate.resource.transaction.backend.jdbc.internal.DdlTransactionIsolatorNonJtaImpl.getIsolatedConnection(DdlTransactionIsolatorNonJtaImpl.java:68) ~[hibernate-core-6.1.7.Final.jar:6.1.7.Final]
	at org.hibernate.tool.schema.internal.exec.ImprovedExtractionContextImpl.getJdbcConnection(ImprovedExtractionContextImpl.java:63) ~[hibernate-core-6.1.7.Final.jar:6.1.7.Final]
	at org.hibernate.tool.schema.extract.spi.ExtractionContext.getQueryResults(ExtractionContext.java:43) ~[hibernate-core-6.1.7.Final.jar:6.1.7.Final]
	at org.hibernate.tool.schema.extract.internal.SequenceInformationExtractorLegacyImpl.extractMetadata(SequenceInformationExtractorLegacyImpl.java:39) ~[hibernate-core-6.1.7.Final.jar:6.1.7.Final]
	at org.hibernate.tool.schema.extract.internal.DatabaseInformationImpl.initializeSequences(DatabaseInformationImpl.java:66) ~[hibernate-core-6.1.7.Final.jar:6.1.7.Final]
	at org.hibernate.tool.schema.extract.internal.DatabaseInformationImpl.<init>(DatabaseInformationImpl.java:60) ~[hibernate-core-6.1.7.Final.jar:6.1.7.Final]
	at org.hibernate.tool.schema.internal.Helper.buildDatabaseInformation(Helper.java:176) ~[hibernate-core-6.1.7.Final.jar:6.1.7.Final]
	at org.hibernate.tool.schema.internal.AbstractSchemaMigrator.doMigration(AbstractSchemaMigrator.java:107) ~[hibernate-core-6.1.7.Final.jar:6.1.7.Final]
	at org.hibernate.tool.schema.spi.SchemaManagementToolCoordinator.performDatabaseAction(SchemaManagementToolCoordinator.java:284) ~[hibernate-core-6.1.7.Final.jar:6.1.7.Final]
	at org.hibernate.tool.schema.spi.SchemaManagementToolCoordinator.lambda$process$5(SchemaManagementToolCoordinator.java:143) ~[hibernate-core-6.1.7.Final.jar:6.1.7.Final]
	at java.base/java.util.HashMap.forEach(HashMap.java:1421) ~[na:na]
	at org.hibernate.tool.schema.spi.SchemaManagementToolCoordinator.process(SchemaManagementToolCoordinator.java:140) ~[hibernate-core-6.1.7.Final.jar:6.1.7.Final]
	at org.hibernate.internal.SessionFactoryImpl.<init>(SessionFactoryImpl.java:336) ~[hibernate-core-6.1.7.Final.jar:6.1.7.Final]
	at org.hibernate.boot.internal.SessionFactoryBuilderImpl.build(SessionFactoryBuilderImpl.java:415) ~[hibernate-core-6.1.7.Final.jar:6.1.7.Final]
	at org.hibernate.jpa.boot.internal.EntityManagerFactoryBuilderImpl.build(EntityManagerFactoryBuilderImpl.java:1423) ~[hibernate-core-6.1.7.Final.jar:6.1.7.Final]
	at org.springframework.orm.jpa.vendor.SpringHibernateJpaPersistenceProvider.createContainerEntityManagerFactory(SpringHibernateJpaPersistenceProvider.java:66) ~[spring-orm-6.0.5.jar:6.0.5]
	at org.springframework.orm.jpa.LocalContainerEntityManagerFactoryBean.createNativeEntityManagerFactory(LocalContainerEntityManagerFactoryBean.java:376) ~[spring-orm-6.0.5.jar:6.0.5]
	at org.springframework.orm.jpa.AbstractEntityManagerFactoryBean.buildNativeEntityManagerFactory(AbstractEntityManagerFactoryBean.java:409) ~[spring-orm-6.0.5.jar:6.0.5]
	... 25 common frames omitted
Caused by: org.postgresql.util.PSQLException: The server requested SCRAM-based authentication, but no password was provided.
	at org.postgresql.core.v3.ConnectionFactoryImpl.lambda$doAuthentication$4(ConnectionFactoryImpl.java:838) ~[postgresql-42.5.4.jar:42.5.4]
	at org.postgresql.core.v3.AuthenticationPluginManager.withPassword(AuthenticationPluginManager.java:81) ~[postgresql-42.5.4.jar:42.5.4]
	at org.postgresql.core.v3.ConnectionFactoryImpl.doAuthentication(ConnectionFactoryImpl.java:835) ~[postgresql-42.5.4.jar:42.5.4]
	at org.postgresql.core.v3.ConnectionFactoryImpl.tryConnect(ConnectionFactoryImpl.java:203) ~[postgresql-42.5.4.jar:42.5.4]
	at org.postgresql.core.v3.ConnectionFactoryImpl.openConnectionImpl(ConnectionFactoryImpl.java:258) ~[postgresql-42.5.4.jar:42.5.4]
	at org.postgresql.core.ConnectionFactory.openConnection(ConnectionFactory.java:54) ~[postgresql-42.5.4.jar:42.5.4]
	at org.postgresql.jdbc.PgConnection.<init>(PgConnection.java:253) ~[postgresql-42.5.4.jar:42.5.4]
	at org.postgresql.Driver.makeConnection(Driver.java:434) ~[postgresql-42.5.4.jar:42.5.4]
	at org.postgresql.Driver.connect(Driver.java:291) ~[postgresql-42.5.4.jar:42.5.4]
	at com.zaxxer.hikari.util.DriverDataSource.getConnection(DriverDataSource.java:121) ~[HikariCP-5.0.1.jar:na]
	at com.zaxxer.hikari.pool.PoolBase.newConnection(PoolBase.java:359) ~[HikariCP-5.0.1.jar:na]
	at com.zaxxer.hikari.pool.PoolBase.newPoolEntry(PoolBase.java:201) ~[HikariCP-5.0.1.jar:na]
	at com.zaxxer.hikari.pool.HikariPool.createPoolEntry(HikariPool.java:470) ~[HikariCP-5.0.1.jar:na]
	at com.zaxxer.hikari.pool.HikariPool.checkFailFast(HikariPool.java:561) ~[HikariCP-5.0.1.jar:na]
	at com.zaxxer.hikari.pool.HikariPool.<init>(HikariPool.java:100) ~[HikariCP-5.0.1.jar:na]
	at com.zaxxer.hikari.HikariDataSource.getConnection(HikariDataSource.java:112) ~[HikariCP-5.0.1.jar:na]
	at org.hibernate.engine.jdbc.connections.internal.DatasourceConnectionProviderImpl.getConnection(DatasourceConnectionProviderImpl.java:122) ~[hibernate-core-6.1.7.Final.jar:6.1.7.Final]
	at org.hibernate.engine.jdbc.env.internal.JdbcEnvironmentInitiator$ConnectionProviderJdbcConnectionAccess.obtainConnection(JdbcEnvironmentInitiator.java:284) ~[hibernate-core-6.1.7.Final.jar:6.1.7.Final]
	at org.hibernate.resource.transaction.backend.jdbc.internal.DdlTransactionIsolatorNonJtaImpl.getIsolatedConnection(DdlTransactionIsolatorNonJtaImpl.java:41) ~[hibernate-core-6.1.7.Final.jar:6.1.7.Final]
	... 42 common frames omitted

2023-05-23T04:13:48.847-04:00  INFO 25024 --- [restartedMain] t.d.m.ManagementMessagingApplication     : Starting ManagementMessagingApplication using Java 17.0.6 with PID 25024 (C:\DEV\DEEP_DREAMS\MANAGEMENT\java\management-messaging\target\classes started by Dell in C:\DEV\DEEP_DREAMS\MANAGEMENT\java\management-messaging)
2023-05-23T04:13:48.851-04:00  INFO 25024 --- [restartedMain] t.d.m.ManagementMessagingApplication     : The following 1 profile is active: "dev"
2023-05-23T04:13:51.340-04:00  INFO 25024 --- [restartedMain] o.hibernate.jpa.internal.util.LogHelper  : HHH000204: Processing PersistenceUnitInfo [name: default]
2023-05-23T04:13:51.458-04:00  INFO 25024 --- [restartedMain] org.hibernate.Version                    : HHH000412: Hibernate ORM core version 6.1.7.Final
2023-05-23T04:13:51.942-04:00  INFO 25024 --- [restartedMain] com.zaxxer.hikari.HikariDataSource       : HikariPool-1 - Starting...
2023-05-23T04:13:52.256-04:00  INFO 25024 --- [restartedMain] com.zaxxer.hikari.pool.HikariPool        : HikariPool-1 - Added connection org.postgresql.jdbc.PgConnection@2e2561f1
2023-05-23T04:13:52.259-04:00  INFO 25024 --- [restartedMain] com.zaxxer.hikari.HikariDataSource       : HikariPool-1 - Start completed.
2023-05-23T04:13:52.352-04:00  INFO 25024 --- [restartedMain] SQL dialect                              : HHH000400: Using dialect: org.hibernate.dialect.PostgreSQLDialect
2023-05-23T04:13:53.962-04:00  INFO 25024 --- [restartedMain] o.h.e.t.j.p.i.JtaPlatformInitiator       : HHH000490: Using JtaPlatform implementation: [org.hibernate.engine.transaction.jta.platform.internal.NoJtaPlatform]
2023-05-23T04:13:54.053-04:00  INFO 25024 --- [restartedMain] com.zaxxer.hikari.HikariDataSource       : HikariPool-1 - Shutdown initiated...
2023-05-23T04:13:54.061-04:00  INFO 25024 --- [restartedMain] com.zaxxer.hikari.HikariDataSource       : HikariPool-1 - Shutdown completed.
2023-05-23T04:13:54.143-04:00 ERROR 25024 --- [restartedMain] o.s.boot.SpringApplication               : Application run failed

org.springframework.beans.factory.BeanCreationException: Error creating bean with name 'subscriberClient': Injection of autowired dependencies failed
	at org.springframework.beans.factory.annotation.AutowiredAnnotationBeanPostProcessor.postProcessProperties(AutowiredAnnotationBeanPostProcessor.java:487) ~[spring-beans-6.0.5.jar:6.0.5]
	at org.springframework.beans.factory.support.AbstractAutowireCapableBeanFactory.populateBean(AbstractAutowireCapableBeanFactory.java:1398) ~[spring-beans-6.0.5.jar:6.0.5]
	at org.springframework.beans.factory.support.AbstractAutowireCapableBeanFactory.doCreateBean(AbstractAutowireCapableBeanFactory.java:599) ~[spring-beans-6.0.5.jar:6.0.5]
	at org.springframework.beans.factory.support.AbstractAutowireCapableBeanFactory.createBean(AbstractAutowireCapableBeanFactory.java:522) ~[spring-beans-6.0.5.jar:6.0.5]
	at org.springframework.beans.factory.support.AbstractBeanFactory.lambda$doGetBean$0(AbstractBeanFactory.java:326) ~[spring-beans-6.0.5.jar:6.0.5]
	at org.springframework.beans.factory.support.DefaultSingletonBeanRegistry.getSingleton(DefaultSingletonBeanRegistry.java:234) ~[spring-beans-6.0.5.jar:6.0.5]
	at org.springframework.beans.factory.support.AbstractBeanFactory.doGetBean(AbstractBeanFactory.java:324) ~[spring-beans-6.0.5.jar:6.0.5]
	at org.springframework.beans.factory.support.AbstractBeanFactory.getBean(AbstractBeanFactory.java:200) ~[spring-beans-6.0.5.jar:6.0.5]
	at org.springframework.beans.factory.support.DefaultListableBeanFactory.preInstantiateSingletons(DefaultListableBeanFactory.java:961) ~[spring-beans-6.0.5.jar:6.0.5]
	at org.springframework.context.support.AbstractApplicationContext.finishBeanFactoryInitialization(AbstractApplicationContext.java:917) ~[spring-context-6.0.5.jar:6.0.5]
	at org.springframework.context.support.AbstractApplicationContext.refresh(AbstractApplicationContext.java:584) ~[spring-context-6.0.5.jar:6.0.5]
	at org.springframework.boot.web.servlet.context.ServletWebServerApplicationContext.refresh(ServletWebServerApplicationContext.java:146) ~[spring-boot-3.0.3.jar:3.0.3]
	at org.springframework.boot.SpringApplication.refresh(SpringApplication.java:732) ~[spring-boot-3.0.3.jar:3.0.3]
	at org.springframework.boot.SpringApplication.refreshContext(SpringApplication.java:434) ~[spring-boot-3.0.3.jar:3.0.3]
	at org.springframework.boot.SpringApplication.run(SpringApplication.java:310) ~[spring-boot-3.0.3.jar:3.0.3]
	at org.springframework.boot.SpringApplication.run(SpringApplication.java:1304) ~[spring-boot-3.0.3.jar:3.0.3]
	at org.springframework.boot.SpringApplication.run(SpringApplication.java:1293) ~[spring-boot-3.0.3.jar:3.0.3]
	at tech.deepdreams.messaging.ManagementMessagingApplication.main(ManagementMessagingApplication.java:15) ~[classes/:na]
	at java.base/jdk.internal.reflect.NativeMethodAccessorImpl.invoke0(Native Method) ~[na:na]
	at java.base/jdk.internal.reflect.NativeMethodAccessorImpl.invoke(NativeMethodAccessorImpl.java:77) ~[na:na]
	at java.base/jdk.internal.reflect.DelegatingMethodAccessorImpl.invoke(DelegatingMethodAccessorImpl.java:43) ~[na:na]
	at java.base/java.lang.reflect.Method.invoke(Method.java:568) ~[na:na]
	at org.springframework.boot.devtools.restart.RestartLauncher.run(RestartLauncher.java:49) ~[spring-boot-devtools-3.0.3.jar:3.0.3]
Caused by: java.lang.IllegalArgumentException: Could not resolve placeholder 'messaging.queue_subscriber_created_url' in value "${messaging.queue_subscriber_created_url}"
	at org.springframework.util.PropertyPlaceholderHelper.parseStringValue(PropertyPlaceholderHelper.java:180) ~[spring-core-6.0.5.jar:6.0.5]
	at org.springframework.util.PropertyPlaceholderHelper.replacePlaceholders(PropertyPlaceholderHelper.java:126) ~[spring-core-6.0.5.jar:6.0.5]
	at org.springframework.core.env.AbstractPropertyResolver.doResolvePlaceholders(AbstractPropertyResolver.java:239) ~[spring-core-6.0.5.jar:6.0.5]
	at org.springframework.core.env.AbstractPropertyResolver.resolveRequiredPlaceholders(AbstractPropertyResolver.java:210) ~[spring-core-6.0.5.jar:6.0.5]
	at org.springframework.context.support.PropertySourcesPlaceholderConfigurer.lambda$processProperties$0(PropertySourcesPlaceholderConfigurer.java:191) ~[spring-context-6.0.5.jar:6.0.5]
	at org.springframework.beans.factory.support.AbstractBeanFactory.resolveEmbeddedValue(AbstractBeanFactory.java:920) ~[spring-beans-6.0.5.jar:6.0.5]
	at org.springframework.beans.factory.support.DefaultListableBeanFactory.doResolveDependency(DefaultListableBeanFactory.java:1346) ~[spring-beans-6.0.5.jar:6.0.5]
	at org.springframework.beans.factory.support.DefaultListableBeanFactory.resolveDependency(DefaultListableBeanFactory.java:1325) ~[spring-beans-6.0.5.jar:6.0.5]
	at org.springframework.beans.factory.annotation.AutowiredAnnotationBeanPostProcessor$AutowiredFieldElement.resolveFieldValue(AutowiredAnnotationBeanPostProcessor.java:709) ~[spring-beans-6.0.5.jar:6.0.5]
	at org.springframework.beans.factory.annotation.AutowiredAnnotationBeanPostProcessor$AutowiredFieldElement.inject(AutowiredAnnotationBeanPostProcessor.java:692) ~[spring-beans-6.0.5.jar:6.0.5]
	at org.springframework.beans.factory.annotation.InjectionMetadata.inject(InjectionMetadata.java:133) ~[spring-beans-6.0.5.jar:6.0.5]
	at org.springframework.beans.factory.annotation.AutowiredAnnotationBeanPostProcessor.postProcessProperties(AutowiredAnnotationBeanPostProcessor.java:481) ~[spring-beans-6.0.5.jar:6.0.5]
	... 22 common frames omitted

2023-05-23T04:16:03.247-04:00  INFO 19088 --- [restartedMain] t.d.m.ManagementMessagingApplication     : Starting ManagementMessagingApplication using Java 17.0.6 with PID 19088 (C:\DEV\DEEP_DREAMS\MANAGEMENT\java\management-messaging\target\classes started by Dell in C:\DEV\DEEP_DREAMS\MANAGEMENT\java\management-messaging)
2023-05-23T04:16:03.250-04:00  INFO 19088 --- [restartedMain] t.d.m.ManagementMessagingApplication     : The following 1 profile is active: "dev"
2023-05-23T04:16:05.921-04:00  INFO 19088 --- [restartedMain] o.hibernate.jpa.internal.util.LogHelper  : HHH000204: Processing PersistenceUnitInfo [name: default]
2023-05-23T04:16:06.006-04:00  INFO 19088 --- [restartedMain] org.hibernate.Version                    : HHH000412: Hibernate ORM core version 6.1.7.Final
2023-05-23T04:16:06.502-04:00  INFO 19088 --- [restartedMain] com.zaxxer.hikari.HikariDataSource       : HikariPool-1 - Starting...
2023-05-23T04:16:06.760-04:00  INFO 19088 --- [restartedMain] com.zaxxer.hikari.pool.HikariPool        : HikariPool-1 - Added connection org.postgresql.jdbc.PgConnection@21c0fa68
2023-05-23T04:16:06.762-04:00  INFO 19088 --- [restartedMain] com.zaxxer.hikari.HikariDataSource       : HikariPool-1 - Start completed.
2023-05-23T04:16:06.815-04:00  INFO 19088 --- [restartedMain] SQL dialect                              : HHH000400: Using dialect: org.hibernate.dialect.PostgreSQLDialect
2023-05-23T04:16:08.395-04:00  INFO 19088 --- [restartedMain] o.h.e.t.j.p.i.JtaPlatformInitiator       : HHH000490: Using JtaPlatform implementation: [org.hibernate.engine.transaction.jta.platform.internal.NoJtaPlatform]
2023-05-23T04:16:10.645-04:00  INFO 19088 --- [restartedMain] t.d.m.ManagementMessagingApplication     : Started ManagementMessagingApplication in 8.081 seconds (process running for 9.731)
2023-05-23T04:16:20.676-04:00  INFO 19088 --- [RMI TCP Connection(2)-127.0.0.1] com.zaxxer.hikari.HikariDataSource       : HikariPool-1 - Shutdown initiated...
2023-05-23T04:16:20.691-04:00  INFO 19088 --- [RMI TCP Connection(2)-127.0.0.1] com.zaxxer.hikari.HikariDataSource       : HikariPool-1 - Shutdown completed.
2023-05-23T04:29:02.278-04:00  INFO 24432 --- [restartedMain] t.d.m.ManagementMessagingApplication     : Starting ManagementMessagingApplication using Java 17.0.6 with PID 24432 (C:\DEV\DEEP_DREAMS\MANAGEMENT\java\management-messaging\target\classes started by Dell in C:\DEV\DEEP_DREAMS\MANAGEMENT\java\management-messaging)
2023-05-23T04:29:02.281-04:00  INFO 24432 --- [restartedMain] t.d.m.ManagementMessagingApplication     : The following 1 profile is active: "dev"
2023-05-23T04:29:04.782-04:00  INFO 24432 --- [restartedMain] o.hibernate.jpa.internal.util.LogHelper  : HHH000204: Processing PersistenceUnitInfo [name: default]
2023-05-23T04:29:04.879-04:00  INFO 24432 --- [restartedMain] org.hibernate.Version                    : HHH000412: Hibernate ORM core version 6.1.7.Final
2023-05-23T04:29:05.364-04:00  INFO 24432 --- [restartedMain] com.zaxxer.hikari.HikariDataSource       : HikariPool-1 - Starting...
2023-05-23T04:29:05.702-04:00  INFO 24432 --- [restartedMain] com.zaxxer.hikari.pool.HikariPool        : HikariPool-1 - Added connection org.postgresql.jdbc.PgConnection@3ebcc270
2023-05-23T04:29:05.705-04:00  INFO 24432 --- [restartedMain] com.zaxxer.hikari.HikariDataSource       : HikariPool-1 - Start completed.
2023-05-23T04:29:05.765-04:00  INFO 24432 --- [restartedMain] SQL dialect                              : HHH000400: Using dialect: org.hibernate.dialect.PostgreSQLDialect
2023-05-23T04:29:07.329-04:00  INFO 24432 --- [restartedMain] o.h.e.t.j.p.i.JtaPlatformInitiator       : HHH000490: Using JtaPlatform implementation: [org.hibernate.engine.transaction.jta.platform.internal.NoJtaPlatform]
2023-05-23T04:29:09.513-04:00  INFO 24432 --- [restartedMain] t.d.m.ManagementMessagingApplication     : Started ManagementMessagingApplication in 7.962 seconds (process running for 9.328)
2023-05-23T04:43:30.808-04:00  INFO 24432 --- [Thread-5] com.zaxxer.hikari.HikariDataSource       : HikariPool-1 - Shutdown initiated...
2023-05-23T04:43:30.817-04:00  INFO 24432 --- [Thread-5] com.zaxxer.hikari.HikariDataSource       : HikariPool-1 - Shutdown completed.
2023-05-23T04:43:31.021-04:00  INFO 24432 --- [restartedMain] t.d.m.ManagementMessagingApplication     : Starting ManagementMessagingApplication using Java 17.0.6 with PID 24432 (C:\DEV\DEEP_DREAMS\MANAGEMENT\java\management-messaging\target\classes started by Dell in C:\DEV\DEEP_DREAMS\MANAGEMENT\java\management-messaging)
2023-05-23T04:43:31.022-04:00  INFO 24432 --- [restartedMain] t.d.m.ManagementMessagingApplication     : The following 1 profile is active: "dev"
2023-05-23T04:43:31.679-04:00  INFO 24432 --- [restartedMain] o.hibernate.jpa.internal.util.LogHelper  : HHH000204: Processing PersistenceUnitInfo [name: default]
2023-05-23T04:43:31.739-04:00  INFO 24432 --- [restartedMain] com.zaxxer.hikari.HikariDataSource       : HikariPool-2 - Starting...
2023-05-23T04:43:31.837-04:00  INFO 24432 --- [restartedMain] com.zaxxer.hikari.pool.HikariPool        : HikariPool-2 - Added connection org.postgresql.jdbc.PgConnection@147a1fda
2023-05-23T04:43:31.837-04:00  INFO 24432 --- [restartedMain] com.zaxxer.hikari.HikariDataSource       : HikariPool-2 - Start completed.
2023-05-23T04:43:31.856-04:00  INFO 24432 --- [restartedMain] SQL dialect                              : HHH000400: Using dialect: org.hibernate.dialect.PostgreSQLDialect
2023-05-23T04:43:32.038-04:00  INFO 24432 --- [restartedMain] o.h.e.t.j.p.i.JtaPlatformInitiator       : HHH000490: Using JtaPlatform implementation: [org.hibernate.engine.transaction.jta.platform.internal.NoJtaPlatform]
2023-05-23T04:43:32.607-04:00  INFO 24432 --- [restartedMain] t.d.m.ManagementMessagingApplication     : Started ManagementMessagingApplication in 1.65 seconds (process running for 872.422)
